2018-09-09 18:57:34.985 trace 77973 --- [restartedMain] c.t.drinkit.DrinkitApplication           : Starting DrinkitApplication on baejiwon-ui-MacBook-Pro.local with PID 77973 (/Users/jiwonbae/intelliJProject/DrinKit-Backend/out/production/classes started by jiwonbae in /Users/jiwonbae/intelliJProject/DrinKit-Backend)
2018-09-09 18:57:34.989 trace 77973 --- [restartedMain] c.t.drinkit.DrinkitApplication           : The following profiles are active: realdb
2018-09-09 18:57:35.108 trace 77973 --- [restartedMain] ConfigServletWebServerApplicationContext : Refreshing org.springframework.boot.web.servlet.context.AnnotationConfigServletWebServerApplicationContext@174ba6f4: startup date [Sun Sep 09 18:57:35 KST 2018]; root of context hierarchy
2018-09-09 18:57:37.102 trace 77973 --- [restartedMain] trationDelegate$BeanPostProcessorChecker : Bean 'org.springframework.transaction.annotation.ProxyTransactionManagementConfiguration' of type [org.springframework.transaction.annotation.ProxyTransactionManagementConfiguration$$EnhancerBySpringCGLIB$$8105b04b] is not eligible for getting processed by all BeanPostProcessors (for example: not eligible for auto-proxying)
2018-09-09 18:57:37.152 trace 77973 --- [restartedMain] trationDelegate$BeanPostProcessorChecker : Bean 'org.springframework.security.config.annotation.configuration.ObjectPostProcessorConfiguration' of type [org.springframework.security.config.annotation.configuration.ObjectPostProcessorConfiguration$$EnhancerBySpringCGLIB$$19b37885] is not eligible for getting processed by all BeanPostProcessors (for example: not eligible for auto-proxying)
2018-09-09 18:57:37.160 trace 77973 --- [restartedMain] trationDelegate$BeanPostProcessorChecker : Bean 'objectPostProcessor' of type [org.springframework.security.config.annotation.configuration.AutowireBeanFactoryObjectPostProcessor] is not eligible for getting processed by all BeanPostProcessors (for example: not eligible for auto-proxying)
2018-09-09 18:57:37.162 trace 77973 --- [restartedMain] trationDelegate$BeanPostProcessorChecker : Bean 'org.springframework.security.access.expression.method.DefaultMethodSecurityExpressionHandler@84c1844' of type [org.springframework.security.access.expression.method.DefaultMethodSecurityExpressionHandler] is not eligible for getting processed by all BeanPostProcessors (for example: not eligible for auto-proxying)
2018-09-09 18:57:37.171 trace 77973 --- [restartedMain] trationDelegate$BeanPostProcessorChecker : Bean 'org.springframework.security.config.annotation.method.configuration.GlobalMethodSecurityConfiguration' of type [org.springframework.security.config.annotation.method.configuration.GlobalMethodSecurityConfiguration$$EnhancerBySpringCGLIB$$3e881b37] is not eligible for getting processed by all BeanPostProcessors (for example: not eligible for auto-proxying)
2018-09-09 18:57:37.181 trace 77973 --- [restartedMain] trationDelegate$BeanPostProcessorChecker : Bean 'methodSecurityMetadataSource' of type [org.springframework.security.access.method.DelegatingMethodSecurityMetadataSource] is not eligible for getting processed by all BeanPostProcessors (for example: not eligible for auto-proxying)
2018-09-09 18:57:37.543 trace 77973 --- [restartedMain] o.s.b.w.embedded.tomcat.TomcatWebServer  : Tomcat initialized with port(s): 8080 (http)
2018-09-09 18:57:37.564 trace 77973 --- [restartedMain] o.apache.catalina.core.StandardService   : Starting service [Tomcat]
2018-09-09 18:57:37.564 trace 77973 --- [restartedMain] org.apache.catalina.core.StandardEngine  : Starting Servlet Engine: Apache Tomcat/8.5.31
2018-09-09 18:57:37.568 trace 77973 --- [localhost-startStop-1] o.a.catalina.core.AprLifecycleListener   : The APR based Apache Tomcat Native library which allows optimal performance in production environments was not found on the java.library.path: [/Users/jiwonbae/Library/Java/Extensions:/Library/Java/Extensions:/Network/Library/Java/Extensions:/System/Library/Java/Extensions:/usr/lib/java:.]
2018-09-09 18:57:37.668 trace 77973 --- [localhost-startStop-1] o.a.c.c.C.[Tomcat].[localhost].[/]       : Initializing Spring embedded WebApplicationContext
2018-09-09 18:57:37.668 trace 77973 --- [localhost-startStop-1] o.s.web.context.ContextLoader            : Root WebApplicationContext: initialization completed in 2560 ms
2018-09-09 18:57:37.936 trace 77973 --- [localhost-startStop-1] o.s.b.w.servlet.FilterRegistrationBean   : Mapping filter: 'characterEncodingFilter' to: [/*]
2018-09-09 18:57:37.937 trace 77973 --- [localhost-startStop-1] o.s.b.w.servlet.FilterRegistrationBean   : Mapping filter: 'hiddenHttpMethodFilter' to: [/*]
2018-09-09 18:57:37.938 trace 77973 --- [localhost-startStop-1] o.s.b.w.servlet.FilterRegistrationBean   : Mapping filter: 'httpPutFormContentFilter' to: [/*]
2018-09-09 18:57:37.938 trace 77973 --- [localhost-startStop-1] o.s.b.w.servlet.FilterRegistrationBean   : Mapping filter: 'requestContextFilter' to: [/*]
2018-09-09 18:57:37.938 trace 77973 --- [localhost-startStop-1] .s.DelegatingFilterProxyRegistrationBean : Mapping filter: 'springSecurityFilterChain' to: [/*]
2018-09-09 18:57:37.939 trace 77973 --- [localhost-startStop-1] o.s.b.w.servlet.FilterRegistrationBean   : Mapping filter: 'logbackAccessSecurityAttributesSaveFilter' to: [/*]
2018-09-09 18:57:37.939 trace 77973 --- [localhost-startStop-1] o.s.b.w.servlet.ServletRegistrationBean  : Servlet dispatcherServlet mapped to [/]
2018-09-09 18:57:38.003 trace 77973 --- [restartedMain] o.s.j.d.DriverManagerDataSource          : Loaded JDBC driver: com.mysql.jdbc.Driver
2018-09-09 18:57:38.249 trace 77973 --- [restartedMain] j.LocalContainerEntityManagerFactoryBean : Building JPA container EntityManagerFactory for persistence unit 'default'
2018-09-09 18:57:38.268 trace 77973 --- [restartedMain] o.hibernate.jpa.internal.util.LogHelper  : HHH000204: Processing PersistenceUnitInfo [
	name: default
	...]
2018-09-09 18:57:38.495 trace 77973 --- [restartedMain] org.hibernate.Version                    : HHH000412: Hibernate Core {5.2.17.Final}
2018-09-09 18:57:38.496 trace 77973 --- [restartedMain] org.hibernate.cfg.Environment            : HHH000206: hibernate.properties not found
2018-09-09 18:57:38.605 trace 77973 --- [restartedMain] o.hibernate.annotations.common.Version   : HCANN000001: Hibernate Commons Annotations {5.0.1.Final}
2018-09-09 18:57:39.146 trace 77973 --- [restartedMain] org.hibernate.dialect.Dialect            : HHH000400: Using dialect: org.hibernate.dialect.MySQL5Dialect
2018-09-09 18:57:40.439 trace 77973 --- [restartedMain] o.h.t.schema.internal.SchemaCreatorImpl  : HHH000476: Executing import script 'ScriptSourceInputFromUrl(file:/Users/jiwonbae/intelliJProject/DrinKit-Backend/out/production/classes/import.sql)'
2018-09-09 18:57:40.483 trace 77973 --- [restartedMain] j.LocalContainerEntityManagerFactoryBean : Initialized JPA EntityManagerFactory for persistence unit 'default'
2018-09-09 18:57:41.034 trace 77973 --- [restartedMain] o.h.h.i.QueryTranslatorFactoryInitiator  : HHH000397: Using ASTQueryTranslatorFactory
2018-09-09 18:57:42.169 trace 77973 --- [restartedMain] s.w.s.m.m.a.RequestMappingHandlerMapping : Mapped "{[/api/accounts/{id}/reviews],methods=[GET]}" onto public java.lang.Iterable<com.teamproject.drinkit.domain.Review> com.teamproject.drinkit.controller.ApiAccountController.showReviews(java.lang.Long)
2018-09-09 18:57:42.170 trace 77973 --- [restartedMain] s.w.s.m.m.a.RequestMappingHandlerMapping : Mapped "{[/api/accounts],methods=[PUT]}" onto public org.springframework.http.ResponseEntity<com.teamproject.drinkit.domain.Account> com.teamproject.drinkit.controller.ApiAccountController.editNickName(java.lang.String,java.lang.String)
2018-09-09 18:57:42.170 trace 77973 --- [restartedMain] s.w.s.m.m.a.RequestMappingHandlerMapping : Mapped "{[/api/accounts/{id}/likes/menus/{menuId}],methods=[POST]}" onto public org.springframework.http.ResponseEntity<com.teamproject.drinkit.domain.Account> com.teamproject.drinkit.controller.ApiAccountController.addFavoriteMenu(java.lang.Long,java.lang.Long)
2018-09-09 18:57:42.171 trace 77973 --- [restartedMain] s.w.s.m.m.a.RequestMappingHandlerMapping : Mapped "{[/api/accounts/{id}/removes/menus/{menuId}],methods=[DELETE]}" onto public org.springframework.http.ResponseEntity<com.teamproject.drinkit.domain.Account> com.teamproject.drinkit.controller.ApiAccountController.removeFavoriteMenu(java.lang.Long,java.lang.Long)
2018-09-09 18:57:42.171 trace 77973 --- [restartedMain] s.w.s.m.m.a.RequestMappingHandlerMapping : Mapped "{[/api/accounts/{id}/likes/menus],methods=[GET]}" onto public java.lang.Iterable<com.teamproject.drinkit.domain.Menu> com.teamproject.drinkit.controller.ApiAccountController.showFavoriteMenus(java.lang.Long)
2018-09-09 18:57:42.172 trace 77973 --- [restartedMain] s.w.s.m.m.a.RequestMappingHandlerMapping : Mapped "{[/api/cafes],methods=[GET]}" onto public java.util.List<com.teamproject.drinkit.domain.Cafe> com.teamproject.drinkit.controller.ApiCafeController.main()
2018-09-09 18:57:42.172 trace 77973 --- [restartedMain] s.w.s.m.m.a.RequestMappingHandlerMapping : Mapped "{[/api/cafes/{cafeId}],methods=[GET]}" onto public com.teamproject.drinkit.dto.CafeDto com.teamproject.drinkit.controller.ApiCafeController.seeCafeDetail(java.lang.Long) throws com.teamproject.drinkit.exception.NoSuchMenuException
2018-09-09 18:57:42.173 trace 77973 --- [restartedMain] s.w.s.m.m.a.RequestMappingHandlerMapping : Mapped "{[/download/{fileName:.+}],methods=[GET]}" onto public org.springframework.http.ResponseEntity<org.springframework.core.io.Resource> com.teamproject.drinkit.controller.ApiFileController.downloadFile(java.lang.String,javax.servlet.http.HttpServletRequest)
2018-09-09 18:57:42.174 trace 77973 --- [restartedMain] s.w.s.m.m.a.RequestMappingHandlerMapping : Mapped "{[/api/cafes/{cafeId}/menus/{menuId}/reviews],methods=[GET]}" onto public java.lang.Iterable<com.teamproject.drinkit.domain.Review> com.teamproject.drinkit.controller.ApiMenuController.showReviews(java.lang.Long)
2018-09-09 18:57:42.175 trace 77973 --- [restartedMain] s.w.s.m.m.a.RequestMappingHandlerMapping : Mapped "{[/api/cafes/{cafeId}/menus],methods=[POST]}" onto public void com.teamproject.drinkit.controller.ApiMenuController.addMenu(java.lang.Long,com.teamproject.drinkit.dto.MenuDto)
2018-09-09 18:57:42.175 trace 77973 --- [restartedMain] s.w.s.m.m.a.RequestMappingHandlerMapping : Mapped "{[/api/cafes/{cafeId}/menus],methods=[GET]}" onto public java.lang.Iterable<com.teamproject.drinkit.domain.Menu> com.teamproject.drinkit.controller.ApiMenuController.seeMenuList(java.lang.Long,java.lang.String) throws com.teamproject.drinkit.exception.NoSuchMenuException
2018-09-09 18:57:42.175 trace 77973 --- [restartedMain] s.w.s.m.m.a.RequestMappingHandlerMapping : Mapped "{[/api/cafes/{cafeId}/menus/{menuId}],methods=[GET]}" onto public com.teamproject.drinkit.domain.Menu com.teamproject.drinkit.controller.ApiMenuController.seeMenuDetail(java.lang.Long,java.lang.Long)
2018-09-09 18:57:42.176 trace 77973 --- [restartedMain] s.w.s.m.m.a.RequestMappingHandlerMapping : Mapped "{[/api/menus/{menuId}/reviews],methods=[POST]}" onto public com.teamproject.drinkit.dto.ReviewDto com.teamproject.drinkit.controller.ApiReviewController.addReview(java.lang.String,java.lang.Long,double,java.lang.String,org.springframework.web.multipart.MultipartFile)
2018-09-09 18:57:42.176 trace 77973 --- [restartedMain] s.w.s.m.m.a.RequestMappingHandlerMapping : Mapped "{[/api/menus/{menuId}/reviews/{id}],methods=[POST]}" onto public com.teamproject.drinkit.dto.ReviewDto com.teamproject.drinkit.controller.ApiReviewController.editReview(java.lang.String,java.lang.Long,java.lang.Long,double,java.lang.String,org.springframework.web.multipart.MultipartFile)
2018-09-09 18:57:42.177 trace 77973 --- [restartedMain] s.w.s.m.m.a.RequestMappingHandlerMapping : Mapped "{[/api/menus/{menuId}/reviews/{id}],methods=[DELETE]}" onto public org.springframework.http.ResponseEntity<java.lang.String> com.teamproject.drinkit.controller.ApiReviewController.deleteReview(java.lang.String,java.lang.Long,java.lang.Long)
2018-09-09 18:57:42.179 trace 77973 --- [restartedMain] s.w.s.m.m.a.RequestMappingHandlerMapping : Mapped "{[/api/search],methods=[POST]}" onto public java.lang.Iterable<com.teamproject.drinkit.domain.Menu> com.teamproject.drinkit.controller.ApiSearchController.searchMenu(java.lang.String) throws java.lang.UnsupportedOperationException,com.teamproject.drinkit.exception.NoSuchMenuException
2018-09-09 18:57:42.179 trace 77973 --- [restartedMain] s.w.s.m.m.a.RequestMappingHandlerMapping : Mapped "{[/api/search/newMenus],methods=[GET]}" onto public java.util.List<com.teamproject.drinkit.domain.Menu> com.teamproject.drinkit.controller.ApiSearchController.searchNewMenu()
2018-09-09 18:57:42.180 trace 77973 --- [restartedMain] s.w.s.m.m.a.RequestMappingHandlerMapping : Mapped "{[/api/search/topReviewed],methods=[GET]}" onto public java.util.List<com.teamproject.drinkit.domain.Menu> com.teamproject.drinkit.controller.ApiSearchController.searchTopReviewedMenu()
2018-09-09 18:57:42.180 trace 77973 --- [restartedMain] s.w.s.m.m.a.RequestMappingHandlerMapping : Mapped "{[/api/search/suggestedTags],methods=[GET]}" onto public java.util.List<com.teamproject.drinkit.domain.Tag> com.teamproject.drinkit.controller.ApiSearchController.getSuggestedTags()
2018-09-09 18:57:42.181 trace 77973 --- [restartedMain] s.w.s.m.m.a.RequestMappingHandlerMapping : Mapped "{[/profile],methods=[GET]}" onto public java.lang.String com.teamproject.drinkit.controller.ProfileCheckController.getActivatedProfile()
2018-09-09 18:57:42.181 trace 77973 --- [restartedMain] s.w.s.m.m.a.RequestMappingHandlerMapping : Mapped "{[/test],methods=[GET]}" onto public java.lang.String com.teamproject.drinkit.controller.TestController.index()
2018-09-09 18:57:42.183 trace 77973 --- [restartedMain] s.w.s.m.m.a.RequestMappingHandlerMapping : Mapped "{[/v2/api-docs],methods=[GET],produces=[application/json || application/hal+json]}" onto public org.springframework.http.ResponseEntity<springfox.documentation.spring.web.json.Json> springfox.documentation.swagger2.web.Swagger2Controller.getDocumentation(java.lang.String,javax.servlet.http.HttpServletRequest)
2018-09-09 18:57:42.186 trace 77973 --- [restartedMain] s.w.s.m.m.a.RequestMappingHandlerMapping : Mapped "{[/swagger-resources/configuration/ui]}" onto org.springframework.http.ResponseEntity<springfox.documentation.swagger.web.UiConfiguration> springfox.documentation.swagger.web.ApiResourceController.uiConfiguration()
2018-09-09 18:57:42.187 trace 77973 --- [restartedMain] s.w.s.m.m.a.RequestMappingHandlerMapping : Mapped "{[/swagger-resources/configuration/security]}" onto org.springframework.http.ResponseEntity<springfox.documentation.swagger.web.SecurityConfiguration> springfox.documentation.swagger.web.ApiResourceController.securityConfiguration()
2018-09-09 18:57:42.188 trace 77973 --- [restartedMain] s.w.s.m.m.a.RequestMappingHandlerMapping : Mapped "{[/swagger-resources]}" onto org.springframework.http.ResponseEntity<java.util.List<springfox.documentation.swagger.web.SwaggerResource>> springfox.documentation.swagger.web.ApiResourceController.swaggerResources()
2018-09-09 18:57:42.190 trace 77973 --- [restartedMain] s.w.s.m.m.a.RequestMappingHandlerMapping : Mapped "{[/error]}" onto public org.springframework.http.ResponseEntity<java.util.Map<java.lang.String, java.lang.Object>> org.springframework.boot.autoconfigure.web.servlet.error.BasicErrorController.error(javax.servlet.http.HttpServletRequest)
2018-09-09 18:57:42.191 trace 77973 --- [restartedMain] s.w.s.m.m.a.RequestMappingHandlerMapping : Mapped "{[/error],produces=[text/html]}" onto public org.springframework.web.servlet.ModelAndView org.springframework.boot.autoconfigure.web.servlet.error.BasicErrorController.errorHtml(javax.servlet.http.HttpServletRequest,javax.servlet.http.HttpServletResponse)
2018-09-09 18:57:42.623 trace 77973 --- [restartedMain] o.s.s.web.DefaultSecurityFilterChain     : Creating filter chain: org.springframework.security.web.util.matcher.AnyRequestMatcher@1, [org.springframework.security.web.context.request.async.WebAsyncManagerIntegrationFilter@4093b571, org.springframework.security.web.context.SecurityContextPersistenceFilter@35a322b8, org.springframework.security.web.header.HeaderWriterFilter@73fd80d1, org.springframework.security.web.authentication.logout.LogoutFilter@2c9b1bb1, com.teamproject.drinkit.security.filter.SocialLoginFilter@14339313, com.teamproject.drinkit.security.filter.JwtAuthenticationFilter@35e065fe, org.springframework.security.web.savedrequest.RequestCacheAwareFilter@6ea274a9, org.springframework.security.web.servletapi.SecurityContextHolderAwareRequestFilter@70ee419, org.springframework.security.web.authentication.AnonymousAuthenticationFilter@5feabd1a, org.springframework.security.web.session.SessionManagementFilter@7f3f109f, org.springframework.security.web.access.ExceptionTranslationFilter@563e91f5, org.springframework.security.web.access.intercept.FilterSecurityInterceptor@5914afc4]
2018-09-09 18:57:42.725 trace 77973 --- [restartedMain] o.s.w.s.handler.SimpleUrlHandlerMapping  : Mapped URL path [/**/favicon.ico] onto handler of type [class org.springframework.web.servlet.resource.ResourceHttpRequestHandler]
2018-09-09 18:57:42.815 trace 77973 --- [restartedMain] s.w.s.m.m.a.RequestMappingHandlerAdapter : Looking for @ControllerAdvice: org.springframework.boot.web.servlet.context.AnnotationConfigServletWebServerApplicationContext@174ba6f4: startup date [Sun Sep 09 18:57:35 KST 2018]; root of context hierarchy
2018-09-09 18:57:42.882 trace 77973 --- [restartedMain] o.s.w.s.handler.SimpleUrlHandlerMapping  : Mapped URL path [/webjars/**] onto handler of type [class org.springframework.web.servlet.resource.ResourceHttpRequestHandler]
2018-09-09 18:57:42.883 trace 77973 --- [restartedMain] o.s.w.s.handler.SimpleUrlHandlerMapping  : Mapped URL path [/**] onto handler of type [class org.springframework.web.servlet.resource.ResourceHttpRequestHandler]
2018-09-09 18:57:43.256 trace 77973 --- [restartedMain] o.s.b.d.a.OptionalLiveReloadServer       : LiveReload server is running on port 35729
2018-09-09 18:57:43.314 trace 77973 --- [restartedMain] o.s.j.e.a.AnnotationMBeanExporter        : Registering beans for JMX exposure on startup
2018-09-09 18:57:43.326 trace 77973 --- [restartedMain] o.s.c.support.DefaultLifecycleProcessor  : Starting beans in phase 2147483647
2018-09-09 18:57:43.326 trace 77973 --- [restartedMain] d.s.w.p.DocumentationPluginsBootstrapper : Context refreshed
2018-09-09 18:57:43.343 trace 77973 --- [restartedMain] d.s.w.p.DocumentationPluginsBootstrapper : Found 1 custom documentation plugin(s)
2018-09-09 18:57:43.353 trace 77973 --- [restartedMain] s.d.s.w.s.ApiListingReferenceScanner     : Scanning for api listing references
2018-09-09 18:57:43.929 trace 77973 --- [restartedMain] .d.s.w.r.o.CachingOperationNameGenerator : Generating unique operation named: showReviewsUsingGET_1
2018-09-09 18:57:44.031 trace 77973 --- [restartedMain] o.s.b.w.embedded.tomcat.TomcatWebServer  : Tomcat started on port(s): 8080 (http) with context path ''
2018-09-09 18:57:44.036 trace 77973 --- [restartedMain] c.t.drinkit.DrinkitApplication           : Started DrinkitApplication in 9.738 seconds (JVM running for 11.079)
